0 info it worked if it ends with ok
1 verbose cli [ 'C:\\Program Files\\nodejs\\node.exe',
1 verbose cli   'C:\\Program Files\\nodejs\\node_modules\\npm\\bin\\npm-cli.js',
1 verbose cli   'install',
1 verbose cli   '.\\package.json' ]
2 info using npm@2.14.7
3 info using node@v4.2.3
4 verbose install initial load of C:\Users\wangj\Desktop\MyApp\package.json
5 warn package.json MyApp@1.0.0 No repository field.
6 warn package.json MyApp@1.0.0 No README data
7 verbose installManyTop reading scoped package data from C:\Users\wangj\Desktop\MyApp\node_modules\async\package.json
8 verbose installManyTop reading scoped package data from C:\Users\wangj\Desktop\MyApp\node_modules\cheerio\package.json
9 verbose installManyTop reading scoped package data from C:\Users\wangj\Desktop\MyApp\node_modules\eventproxy\package.json
10 verbose installManyTop reading scoped package data from C:\Users\wangj\Desktop\MyApp\node_modules\express\package.json
11 verbose installManyTop reading scoped package data from C:\Users\wangj\Desktop\MyApp\node_modules\superagent\package.json
12 verbose readDependencies loading dependencies from C:\Users\wangj\Desktop\MyApp\package.json
13 silly cache add args [ '.\\package.json', null ]
14 verbose cache add spec .\package.json
15 silly cache add parsed spec Result {
15 silly cache add   raw: '.\\package.json',
15 silly cache add   scope: null,
15 silly cache add   name: null,
15 silly cache add   rawSpec: '.\\package.json',
15 silly cache add   spec: 'C:\\Users\\wangj\\Desktop\\MyApp\\package.json',
15 silly cache add   type: 'local' }
16 silly addLocalTarball shasum (computed) b34f4bbe41b6118da51c557a32764e23ee695be8
17 verbose addTmpTarball C:\Users\wangj\Desktop\MyApp\package.json not in flight; adding
18 verbose addTmpTarball validating metadata from C:\Users\wangj\Desktop\MyApp\package.json
19 verbose tar unpack C:\Users\wangj\Desktop\MyApp\package.json
20 verbose tar unpacking to C:\Users\wangj\AppData\Local\Temp\npm-928-5e4c05c0\unpack-1c7ddc51a652
21 silly gentlyRm C:\Users\wangj\AppData\Local\Temp\npm-928-5e4c05c0\unpack-1c7ddc51a652 is being purged
22 verbose gentlyRm don't care about contents; nuking C:\Users\wangj\AppData\Local\Temp\npm-928-5e4c05c0\unpack-1c7ddc51a652
23 silly gunzTarPerm modes [ '777', '666' ]
24 error not a package C:\Users\wangj\Desktop\MyApp\package.json
25 error addLocal Could not install C:\Users\wangj\Desktop\MyApp\package.json
26 verbose stack Error: ENOENT: no such file or directory, open 'C:\Users\wangj\AppData\Local\Temp\npm-928-5e4c05c0\unpack-1c7ddc51a652\package.json'
26 verbose stack     at Error (native)
27 verbose cwd C:\Users\wangj\Desktop\MyApp
28 error Windows_NT 10.0.10586
29 error argv "C:\\Program Files\\nodejs\\node.exe" "C:\\Program Files\\nodejs\\node_modules\\npm\\bin\\npm-cli.js" "install" ".\\package.json"
30 error node v4.2.3
31 error npm  v2.14.7
32 error path C:\Users\wangj\AppData\Local\Temp\npm-928-5e4c05c0\unpack-1c7ddc51a652\package.json
33 error code ENOENT
34 error errno -4058
35 error syscall open
36 error enoent ENOENT: no such file or directory, open 'C:\Users\wangj\AppData\Local\Temp\npm-928-5e4c05c0\unpack-1c7ddc51a652\package.json'
36 error enoent This is most likely not a problem with npm itself
36 error enoent and is related to npm not being able to find a file.
37 verbose exit [ -4058, true ]
